c:\users\sam\desktop\repos\haunted-harbour\haunted harbour sg\release\haunted harbour sg.pch
c:\users\sam\desktop\repos\haunted-harbour\haunted harbour sg\release\vc142.pdb
c:\users\sam\desktop\repos\haunted-harbour\haunted harbour sg\release\stdafx.obj
c:\users\sam\desktop\repos\haunted-harbour\haunted harbour sg\release\specialobject.obj
c:\users\sam\desktop\repos\haunted-harbour\haunted harbour sg\release\soundclass.obj
c:\users\sam\desktop\repos\haunted-harbour\haunted harbour sg\release\purplebullet.obj
c:\users\sam\desktop\repos\haunted-harbour\haunted harbour sg\release\playerobject.obj
c:\users\sam\desktop\repos\haunted-harbour\haunted harbour sg\release\hitobject.obj
c:\users\sam\desktop\repos\haunted-harbour\haunted harbour sg\release\healthbar.obj
c:\users\sam\desktop\repos\haunted-harbour\haunted harbour sg\release\haunted harbour sg.obj
c:\users\sam\desktop\repos\haunted-harbour\haunted harbour sg\release\groundenemy.obj
c:\users\sam\desktop\repos\haunted-harbour\haunted harbour sg\release\greenbullet.obj
c:\users\sam\desktop\repos\haunted-harbour\haunted harbour sg\release\graphicsobject.obj
c:\users\sam\desktop\repos\haunted-harbour\haunted harbour sg\release\seahag.obj
c:\users\sam\desktop\repos\haunted-harbour\haunted harbour sg\release\lighthousekeeper.obj
c:\users\sam\desktop\repos\haunted-harbour\haunted harbour sg\release\jellyfish.obj
c:\users\sam\desktop\repos\haunted-harbour\haunted harbour sg\release\hungrysailor.obj
c:\users\sam\desktop\repos\haunted-harbour\haunted harbour sg\release\grenadeobject.obj
c:\users\sam\desktop\repos\haunted-harbour\haunted harbour sg\release\fireball.obj
c:\users\sam\desktop\repos\haunted-harbour\haunted harbour sg\release\explosion.obj
c:\users\sam\desktop\repos\haunted-harbour\haunted harbour sg\release\bullet.obj
c:\users\sam\desktop\repos\haunted-harbour\haunted harbour sg\release\blockobject.obj
c:\users\sam\desktop\repos\haunted-harbour\haunted harbour sg\release\backgrondobject.obj
c:\users\sam\desktop\repos\haunted-harbour\haunted harbour sg\release\weaponsobject.obj
c:\users\sam\desktop\repos\haunted-harbour\release\haunted harbour sg.exe
c:\users\sam\desktop\repos\haunted-harbour\haunted harbour sg\release\haunted harbour sg.ipdb
c:\users\sam\desktop\repos\haunted-harbour\haunted harbour sg\release\haunted harbour sg.iobj
c:\users\sam\desktop\repos\haunted-harbour\release\haunted harbour sg.pdb
c:\users\sam\desktop\repos\haunted-harbour\haunted harbour sg\release\haunted harbour sg.res
c:\users\sam\desktop\repos\haunted-harbour\haunted harbour sg\release\haunted .c0c206a2.tlog\cl.command.1.tlog
c:\users\sam\desktop\repos\haunted-harbour\haunted harbour sg\release\haunted .c0c206a2.tlog\cl.read.1.tlog
c:\users\sam\desktop\repos\haunted-harbour\haunted harbour sg\release\haunted .c0c206a2.tlog\cl.write.1.tlog
c:\users\sam\desktop\repos\haunted-harbour\haunted harbour sg\release\haunted .c0c206a2.tlog\link.command.1.tlog
c:\users\sam\desktop\repos\haunted-harbour\haunted harbour sg\release\haunted .c0c206a2.tlog\link.read.1.tlog
c:\users\sam\desktop\repos\haunted-harbour\haunted harbour sg\release\haunted .c0c206a2.tlog\link.write.1.tlog
c:\users\sam\desktop\repos\haunted-harbour\haunted harbour sg\release\haunted .c0c206a2.tlog\rc.command.1.tlog
c:\users\sam\desktop\repos\haunted-harbour\haunted harbour sg\release\haunted .c0c206a2.tlog\rc.read.1.tlog
c:\users\sam\desktop\repos\haunted-harbour\haunted harbour sg\release\haunted .c0c206a2.tlog\rc.write.1.tlog
