c:\users\realprogramming4kids\desktop\haunted harbour sg\haunted harbour sg\debug\haunted harbour sg.pch
c:\users\realprogramming4kids\desktop\haunted harbour sg\haunted harbour sg\debug\stdafx.obj
c:\users\realprogramming4kids\desktop\haunted harbour sg\haunted harbour sg\debug\vc110.pdb
c:\users\realprogramming4kids\desktop\haunted harbour sg\haunted harbour sg\debug\blockobject.obj
c:\users\realprogramming4kids\desktop\haunted harbour sg\haunted harbour sg\debug\bullet.obj
c:\users\realprogramming4kids\desktop\haunted harbour sg\haunted harbour sg\debug\explosion.obj
c:\users\realprogramming4kids\desktop\haunted harbour sg\haunted harbour sg\debug\fireball.obj
c:\users\realprogramming4kids\desktop\haunted harbour sg\haunted harbour sg\debug\grenadeobject.obj
c:\users\realprogramming4kids\desktop\haunted harbour sg\haunted harbour sg\debug\hungrysailor.obj
c:\users\realprogramming4kids\desktop\haunted harbour sg\haunted harbour sg\debug\jellyfish.obj
c:\users\realprogramming4kids\desktop\haunted harbour sg\haunted harbour sg\debug\lighthousekeeper.obj
c:\users\realprogramming4kids\desktop\haunted harbour sg\haunted harbour sg\debug\seahag.obj
c:\users\realprogramming4kids\desktop\haunted harbour sg\haunted harbour sg\debug\graphicsobject.obj
c:\users\realprogramming4kids\desktop\haunted harbour sg\haunted harbour sg\debug\greenbullet.obj
c:\users\realprogramming4kids\desktop\haunted harbour sg\haunted harbour sg\debug\groundenemy.obj
c:\users\realprogramming4kids\desktop\haunted harbour sg\haunted harbour sg\debug\haunted harbour sg.obj
c:\users\realprogramming4kids\desktop\haunted harbour sg\haunted harbour sg\debug\healthbar.obj
c:\users\realprogramming4kids\desktop\haunted harbour sg\haunted harbour sg\debug\hitobject.obj
c:\users\realprogramming4kids\desktop\haunted harbour sg\haunted harbour sg\debug\playerobject.obj
c:\users\realprogramming4kids\desktop\haunted harbour sg\haunted harbour sg\debug\purplebullet.obj
c:\users\realprogramming4kids\desktop\haunted harbour sg\haunted harbour sg\debug\soundclass.obj
c:\users\realprogramming4kids\desktop\haunted harbour sg\haunted harbour sg\debug\specialobject.obj
c:\users\realprogramming4kids\desktop\haunted harbour sg\haunted harbour sg\debug\weaponsobject.obj
c:\users\realprogramming4kids\desktop\haunted harbour sg\haunted harbour sg\debug\backgrondobject.obj
c:\users\realprogramming4kids\desktop\haunted harbour sg\debug\haunted harbour sg.ilk
c:\users\realprogramming4kids\desktop\haunted harbour sg\debug\haunted harbour sg.exe
c:\users\realprogramming4kids\desktop\haunted harbour sg\debug\haunted harbour sg.pdb
c:\users\realprogramming4kids\desktop\haunted harbour sg\haunted harbour sg\debug\haunted harbour sg.res
c:\users\sam\desktop\repos\haunted-harbour\haunted harbour sg\debug\haunted harbour sg.pch
c:\users\sam\desktop\repos\haunted-harbour\haunted harbour sg\debug\vc142.pdb
c:\users\sam\desktop\repos\haunted-harbour\haunted harbour sg\debug\vc142.idb
c:\users\sam\desktop\repos\haunted-harbour\haunted harbour sg\debug\stdafx.obj
c:\users\sam\desktop\repos\haunted-harbour\haunted harbour sg\debug\specialobject.obj
c:\users\sam\desktop\repos\haunted-harbour\haunted harbour sg\debug\soundclass.obj
c:\users\sam\desktop\repos\haunted-harbour\haunted harbour sg\debug\purplebullet.obj
c:\users\sam\desktop\repos\haunted-harbour\haunted harbour sg\debug\playerobject.obj
c:\users\sam\desktop\repos\haunted-harbour\haunted harbour sg\debug\hitobject.obj
c:\users\sam\desktop\repos\haunted-harbour\haunted harbour sg\debug\healthbar.obj
c:\users\sam\desktop\repos\haunted-harbour\haunted harbour sg\debug\haunted harbour sg.obj
c:\users\sam\desktop\repos\haunted-harbour\haunted harbour sg\debug\groundenemy.obj
c:\users\sam\desktop\repos\haunted-harbour\haunted harbour sg\debug\greenbullet.obj
c:\users\sam\desktop\repos\haunted-harbour\haunted harbour sg\debug\graphicsobject.obj
c:\users\sam\desktop\repos\haunted-harbour\haunted harbour sg\debug\seahag.obj
c:\users\sam\desktop\repos\haunted-harbour\haunted harbour sg\debug\lighthousekeeper.obj
c:\users\sam\desktop\repos\haunted-harbour\haunted harbour sg\debug\jellyfish.obj
c:\users\sam\desktop\repos\haunted-harbour\haunted harbour sg\debug\hungrysailor.obj
c:\users\sam\desktop\repos\haunted-harbour\haunted harbour sg\debug\grenadeobject.obj
c:\users\sam\desktop\repos\haunted-harbour\haunted harbour sg\debug\fireball.obj
c:\users\sam\desktop\repos\haunted-harbour\haunted harbour sg\debug\explosion.obj
c:\users\sam\desktop\repos\haunted-harbour\haunted harbour sg\debug\bullet.obj
c:\users\sam\desktop\repos\haunted-harbour\haunted harbour sg\debug\blockobject.obj
c:\users\sam\desktop\repos\haunted-harbour\haunted harbour sg\debug\backgrondobject.obj
c:\users\sam\desktop\repos\haunted-harbour\haunted harbour sg\debug\weaponsobject.obj
c:\users\sam\desktop\repos\haunted-harbour\haunted harbour sg\debug\haunted harbour sg.ilk
c:\users\sam\desktop\repos\haunted-harbour\debug\haunted harbour sg.exe
c:\users\sam\desktop\repos\haunted-harbour\debug\haunted harbour sg.pdb
c:\users\sam\desktop\repos\haunted-harbour\haunted harbour sg\debug\haunted harbour sg.res
c:\users\sam\desktop\repos\haunted-harbour\haunted harbour sg\debug\cl.command.1.tlog
c:\users\sam\desktop\repos\haunted-harbour\haunted harbour sg\debug\cl.read.1.tlog
c:\users\sam\desktop\repos\haunted-harbour\haunted harbour sg\debug\cl.write.1.tlog
c:\users\sam\desktop\repos\haunted-harbour\haunted harbour sg\debug\link-cvtres.read.1.tlog
c:\users\sam\desktop\repos\haunted-harbour\haunted harbour sg\debug\link-cvtres.write.1.tlog
c:\users\sam\desktop\repos\haunted-harbour\haunted harbour sg\debug\link-rc.read.1.tlog
c:\users\sam\desktop\repos\haunted-harbour\haunted harbour sg\debug\link-rc.write.1.tlog
c:\users\sam\desktop\repos\haunted-harbour\haunted harbour sg\debug\link.1424-cvtres.read.1.tlog
c:\users\sam\desktop\repos\haunted-harbour\haunted harbour sg\debug\link.1424-cvtres.write.1.tlog
c:\users\sam\desktop\repos\haunted-harbour\haunted harbour sg\debug\link.1424-rc.read.1.tlog
c:\users\sam\desktop\repos\haunted-harbour\haunted harbour sg\debug\link.1424-rc.write.1.tlog
c:\users\sam\desktop\repos\haunted-harbour\haunted harbour sg\debug\link.1424.read.1.tlog
c:\users\sam\desktop\repos\haunted-harbour\haunted harbour sg\debug\link.1424.write.1.tlog
c:\users\sam\desktop\repos\haunted-harbour\haunted harbour sg\debug\link.2064-cvtres.read.1.tlog
c:\users\sam\desktop\repos\haunted-harbour\haunted harbour sg\debug\link.2064-cvtres.write.1.tlog
c:\users\sam\desktop\repos\haunted-harbour\haunted harbour sg\debug\link.2064-rc.read.1.tlog
c:\users\sam\desktop\repos\haunted-harbour\haunted harbour sg\debug\link.2064-rc.write.1.tlog
c:\users\sam\desktop\repos\haunted-harbour\haunted harbour sg\debug\link.2064.read.1.tlog
c:\users\sam\desktop\repos\haunted-harbour\haunted harbour sg\debug\link.2064.write.1.tlog
c:\users\sam\desktop\repos\haunted-harbour\haunted harbour sg\debug\link.2828-cvtres.read.1.tlog
c:\users\sam\desktop\repos\haunted-harbour\haunted harbour sg\debug\link.2828-cvtres.write.1.tlog
c:\users\sam\desktop\repos\haunted-harbour\haunted harbour sg\debug\link.2828-rc.read.1.tlog
c:\users\sam\desktop\repos\haunted-harbour\haunted harbour sg\debug\link.2828-rc.write.1.tlog
c:\users\sam\desktop\repos\haunted-harbour\haunted harbour sg\debug\link.2828.read.1.tlog
c:\users\sam\desktop\repos\haunted-harbour\haunted harbour sg\debug\link.2828.write.1.tlog
c:\users\sam\desktop\repos\haunted-harbour\haunted harbour sg\debug\link.2840-cvtres.read.1.tlog
c:\users\sam\desktop\repos\haunted-harbour\haunted harbour sg\debug\link.2840-cvtres.write.1.tlog
c:\users\sam\desktop\repos\haunted-harbour\haunted harbour sg\debug\link.2840-rc.read.1.tlog
c:\users\sam\desktop\repos\haunted-harbour\haunted harbour sg\debug\link.2840-rc.write.1.tlog
c:\users\sam\desktop\repos\haunted-harbour\haunted harbour sg\debug\link.2840.read.1.tlog
c:\users\sam\desktop\repos\haunted-harbour\haunted harbour sg\debug\link.2840.write.1.tlog
c:\users\sam\desktop\repos\haunted-harbour\haunted harbour sg\debug\link.2976-cvtres.read.1.tlog
c:\users\sam\desktop\repos\haunted-harbour\haunted harbour sg\debug\link.2976-cvtres.write.1.tlog
c:\users\sam\desktop\repos\haunted-harbour\haunted harbour sg\debug\link.2976-rc.read.1.tlog
c:\users\sam\desktop\repos\haunted-harbour\haunted harbour sg\debug\link.2976-rc.write.1.tlog
c:\users\sam\desktop\repos\haunted-harbour\haunted harbour sg\debug\link.2976.read.1.tlog
c:\users\sam\desktop\repos\haunted-harbour\haunted harbour sg\debug\link.2976.write.1.tlog
c:\users\sam\desktop\repos\haunted-harbour\haunted harbour sg\debug\link.3056-cvtres.read.1.tlog
c:\users\sam\desktop\repos\haunted-harbour\haunted harbour sg\debug\link.3056-cvtres.write.1.tlog
c:\users\sam\desktop\repos\haunted-harbour\haunted harbour sg\debug\link.3056-rc.read.1.tlog
c:\users\sam\desktop\repos\haunted-harbour\haunted harbour sg\debug\link.3056-rc.write.1.tlog
c:\users\sam\desktop\repos\haunted-harbour\haunted harbour sg\debug\link.3056.read.1.tlog
c:\users\sam\desktop\repos\haunted-harbour\haunted harbour sg\debug\link.3056.write.1.tlog
c:\users\sam\desktop\repos\haunted-harbour\haunted harbour sg\debug\link.3364-cvtres.read.1.tlog
c:\users\sam\desktop\repos\haunted-harbour\haunted harbour sg\debug\link.3364-cvtres.write.1.tlog
c:\users\sam\desktop\repos\haunted-harbour\haunted harbour sg\debug\link.3364-rc.read.1.tlog
c:\users\sam\desktop\repos\haunted-harbour\haunted harbour sg\debug\link.3364-rc.write.1.tlog
c:\users\sam\desktop\repos\haunted-harbour\haunted harbour sg\debug\link.3364.read.1.tlog
c:\users\sam\desktop\repos\haunted-harbour\haunted harbour sg\debug\link.3364.write.1.tlog
c:\users\sam\desktop\repos\haunted-harbour\haunted harbour sg\debug\link.3520-cvtres.read.1.tlog
c:\users\sam\desktop\repos\haunted-harbour\haunted harbour sg\debug\link.3520-cvtres.write.1.tlog
c:\users\sam\desktop\repos\haunted-harbour\haunted harbour sg\debug\link.3520-rc.read.1.tlog
c:\users\sam\desktop\repos\haunted-harbour\haunted harbour sg\debug\link.3520-rc.write.1.tlog
c:\users\sam\desktop\repos\haunted-harbour\haunted harbour sg\debug\link.3520.read.1.tlog
c:\users\sam\desktop\repos\haunted-harbour\haunted harbour sg\debug\link.3520.write.1.tlog
c:\users\sam\desktop\repos\haunted-harbour\haunted harbour sg\debug\link.3596-cvtres.read.1.tlog
c:\users\sam\desktop\repos\haunted-harbour\haunted harbour sg\debug\link.3596-cvtres.write.1.tlog
c:\users\sam\desktop\repos\haunted-harbour\haunted harbour sg\debug\link.3596-rc.read.1.tlog
c:\users\sam\desktop\repos\haunted-harbour\haunted harbour sg\debug\link.3596-rc.write.1.tlog
c:\users\sam\desktop\repos\haunted-harbour\haunted harbour sg\debug\link.3596.read.1.tlog
c:\users\sam\desktop\repos\haunted-harbour\haunted harbour sg\debug\link.3596.write.1.tlog
c:\users\sam\desktop\repos\haunted-harbour\haunted harbour sg\debug\link.4384-cvtres.read.1.tlog
c:\users\sam\desktop\repos\haunted-harbour\haunted harbour sg\debug\link.4384-cvtres.write.1.tlog
c:\users\sam\desktop\repos\haunted-harbour\haunted harbour sg\debug\link.4384-rc.read.1.tlog
c:\users\sam\desktop\repos\haunted-harbour\haunted harbour sg\debug\link.4384-rc.write.1.tlog
c:\users\sam\desktop\repos\haunted-harbour\haunted harbour sg\debug\link.4384.read.1.tlog
c:\users\sam\desktop\repos\haunted-harbour\haunted harbour sg\debug\link.4384.write.1.tlog
c:\users\sam\desktop\repos\haunted-harbour\haunted harbour sg\debug\link.4428-cvtres.read.1.tlog
c:\users\sam\desktop\repos\haunted-harbour\haunted harbour sg\debug\link.4428-cvtres.write.1.tlog
c:\users\sam\desktop\repos\haunted-harbour\haunted harbour sg\debug\link.4428-rc.read.1.tlog
c:\users\sam\desktop\repos\haunted-harbour\haunted harbour sg\debug\link.4428-rc.write.1.tlog
c:\users\sam\desktop\repos\haunted-harbour\haunted harbour sg\debug\link.4428.read.1.tlog
c:\users\sam\desktop\repos\haunted-harbour\haunted harbour sg\debug\link.4428.write.1.tlog
c:\users\sam\desktop\repos\haunted-harbour\haunted harbour sg\debug\link.4432-cvtres.read.1.tlog
c:\users\sam\desktop\repos\haunted-harbour\haunted harbour sg\debug\link.4432-cvtres.write.1.tlog
c:\users\sam\desktop\repos\haunted-harbour\haunted harbour sg\debug\link.4432-rc.read.1.tlog
c:\users\sam\desktop\repos\haunted-harbour\haunted harbour sg\debug\link.4432-rc.write.1.tlog
c:\users\sam\desktop\repos\haunted-harbour\haunted harbour sg\debug\link.4432.read.1.tlog
c:\users\sam\desktop\repos\haunted-harbour\haunted harbour sg\debug\link.4432.write.1.tlog
c:\users\sam\desktop\repos\haunted-harbour\haunted harbour sg\debug\link.4884-cvtres.read.1.tlog
c:\users\sam\desktop\repos\haunted-harbour\haunted harbour sg\debug\link.4884-cvtres.write.1.tlog
c:\users\sam\desktop\repos\haunted-harbour\haunted harbour sg\debug\link.4884-rc.read.1.tlog
c:\users\sam\desktop\repos\haunted-harbour\haunted harbour sg\debug\link.4884-rc.write.1.tlog
c:\users\sam\desktop\repos\haunted-harbour\haunted harbour sg\debug\link.4884.read.1.tlog
c:\users\sam\desktop\repos\haunted-harbour\haunted harbour sg\debug\link.4884.write.1.tlog
c:\users\sam\desktop\repos\haunted-harbour\haunted harbour sg\debug\link.4908-cvtres.read.1.tlog
c:\users\sam\desktop\repos\haunted-harbour\haunted harbour sg\debug\link.4908-cvtres.write.1.tlog
c:\users\sam\desktop\repos\haunted-harbour\haunted harbour sg\debug\link.4908-rc.read.1.tlog
c:\users\sam\desktop\repos\haunted-harbour\haunted harbour sg\debug\link.4908-rc.write.1.tlog
c:\users\sam\desktop\repos\haunted-harbour\haunted harbour sg\debug\link.4908.read.1.tlog
c:\users\sam\desktop\repos\haunted-harbour\haunted harbour sg\debug\link.4908.write.1.tlog
c:\users\sam\desktop\repos\haunted-harbour\haunted harbour sg\debug\link.5064-cvtres.read.1.tlog
c:\users\sam\desktop\repos\haunted-harbour\haunted harbour sg\debug\link.5064-cvtres.write.1.tlog
c:\users\sam\desktop\repos\haunted-harbour\haunted harbour sg\debug\link.5064-rc.read.1.tlog
c:\users\sam\desktop\repos\haunted-harbour\haunted harbour sg\debug\link.5064-rc.write.1.tlog
c:\users\sam\desktop\repos\haunted-harbour\haunted harbour sg\debug\link.5064.read.1.tlog
c:\users\sam\desktop\repos\haunted-harbour\haunted harbour sg\debug\link.5064.write.1.tlog
c:\users\sam\desktop\repos\haunted-harbour\haunted harbour sg\debug\link.5160-cvtres.read.1.tlog
c:\users\sam\desktop\repos\haunted-harbour\haunted harbour sg\debug\link.5160-cvtres.write.1.tlog
c:\users\sam\desktop\repos\haunted-harbour\haunted harbour sg\debug\link.5160-rc.read.1.tlog
c:\users\sam\desktop\repos\haunted-harbour\haunted harbour sg\debug\link.5160-rc.write.1.tlog
c:\users\sam\desktop\repos\haunted-harbour\haunted harbour sg\debug\link.5160.read.1.tlog
c:\users\sam\desktop\repos\haunted-harbour\haunted harbour sg\debug\link.5160.write.1.tlog
c:\users\sam\desktop\repos\haunted-harbour\haunted harbour sg\debug\link.5300-cvtres.read.1.tlog
c:\users\sam\desktop\repos\haunted-harbour\haunted harbour sg\debug\link.5300-cvtres.write.1.tlog
c:\users\sam\desktop\repos\haunted-harbour\haunted harbour sg\debug\link.5300-rc.read.1.tlog
c:\users\sam\desktop\repos\haunted-harbour\haunted harbour sg\debug\link.5300-rc.write.1.tlog
c:\users\sam\desktop\repos\haunted-harbour\haunted harbour sg\debug\link.5300.read.1.tlog
c:\users\sam\desktop\repos\haunted-harbour\haunted harbour sg\debug\link.5300.write.1.tlog
c:\users\sam\desktop\repos\haunted-harbour\haunted harbour sg\debug\link.5392-cvtres.read.1.tlog
c:\users\sam\desktop\repos\haunted-harbour\haunted harbour sg\debug\link.5392-cvtres.write.1.tlog
c:\users\sam\desktop\repos\haunted-harbour\haunted harbour sg\debug\link.5392-rc.read.1.tlog
c:\users\sam\desktop\repos\haunted-harbour\haunted harbour sg\debug\link.5392-rc.write.1.tlog
c:\users\sam\desktop\repos\haunted-harbour\haunted harbour sg\debug\link.5392.read.1.tlog
c:\users\sam\desktop\repos\haunted-harbour\haunted harbour sg\debug\link.5392.write.1.tlog
c:\users\sam\desktop\repos\haunted-harbour\haunted harbour sg\debug\link.5396-cvtres.read.1.tlog
c:\users\sam\desktop\repos\haunted-harbour\haunted harbour sg\debug\link.5396-cvtres.write.1.tlog
c:\users\sam\desktop\repos\haunted-harbour\haunted harbour sg\debug\link.5396-rc.read.1.tlog
c:\users\sam\desktop\repos\haunted-harbour\haunted harbour sg\debug\link.5396-rc.write.1.tlog
c:\users\sam\desktop\repos\haunted-harbour\haunted harbour sg\debug\link.5396.read.1.tlog
c:\users\sam\desktop\repos\haunted-harbour\haunted harbour sg\debug\link.5396.write.1.tlog
c:\users\sam\desktop\repos\haunted-harbour\haunted harbour sg\debug\link.5576-cvtres.read.1.tlog
c:\users\sam\desktop\repos\haunted-harbour\haunted harbour sg\debug\link.5576-cvtres.write.1.tlog
c:\users\sam\desktop\repos\haunted-harbour\haunted harbour sg\debug\link.5576-rc.read.1.tlog
c:\users\sam\desktop\repos\haunted-harbour\haunted harbour sg\debug\link.5576-rc.write.1.tlog
c:\users\sam\desktop\repos\haunted-harbour\haunted harbour sg\debug\link.5576.read.1.tlog
c:\users\sam\desktop\repos\haunted-harbour\haunted harbour sg\debug\link.5576.write.1.tlog
c:\users\sam\desktop\repos\haunted-harbour\haunted harbour sg\debug\link.5808-cvtres.read.1.tlog
c:\users\sam\desktop\repos\haunted-harbour\haunted harbour sg\debug\link.5808-cvtres.write.1.tlog
c:\users\sam\desktop\repos\haunted-harbour\haunted harbour sg\debug\link.5808-rc.read.1.tlog
c:\users\sam\desktop\repos\haunted-harbour\haunted harbour sg\debug\link.5808-rc.write.1.tlog
c:\users\sam\desktop\repos\haunted-harbour\haunted harbour sg\debug\link.5808.read.1.tlog
c:\users\sam\desktop\repos\haunted-harbour\haunted harbour sg\debug\link.5808.write.1.tlog
c:\users\sam\desktop\repos\haunted-harbour\haunted harbour sg\debug\link.5812-cvtres.read.1.tlog
c:\users\sam\desktop\repos\haunted-harbour\haunted harbour sg\debug\link.5812-cvtres.write.1.tlog
c:\users\sam\desktop\repos\haunted-harbour\haunted harbour sg\debug\link.5812-rc.read.1.tlog
c:\users\sam\desktop\repos\haunted-harbour\haunted harbour sg\debug\link.5812-rc.write.1.tlog
c:\users\sam\desktop\repos\haunted-harbour\haunted harbour sg\debug\link.5812.read.1.tlog
c:\users\sam\desktop\repos\haunted-harbour\haunted harbour sg\debug\link.5812.write.1.tlog
c:\users\sam\desktop\repos\haunted-harbour\haunted harbour sg\debug\link.6196-cvtres.read.1.tlog
c:\users\sam\desktop\repos\haunted-harbour\haunted harbour sg\debug\link.6196-cvtres.write.1.tlog
c:\users\sam\desktop\repos\haunted-harbour\haunted harbour sg\debug\link.6196-rc.read.1.tlog
c:\users\sam\desktop\repos\haunted-harbour\haunted harbour sg\debug\link.6196-rc.write.1.tlog
c:\users\sam\desktop\repos\haunted-harbour\haunted harbour sg\debug\link.6196.read.1.tlog
c:\users\sam\desktop\repos\haunted-harbour\haunted harbour sg\debug\link.6196.write.1.tlog
c:\users\sam\desktop\repos\haunted-harbour\haunted harbour sg\debug\link.7028-cvtres.read.1.tlog
c:\users\sam\desktop\repos\haunted-harbour\haunted harbour sg\debug\link.7028-cvtres.write.1.tlog
c:\users\sam\desktop\repos\haunted-harbour\haunted harbour sg\debug\link.7028-rc.read.1.tlog
c:\users\sam\desktop\repos\haunted-harbour\haunted harbour sg\debug\link.7028-rc.write.1.tlog
c:\users\sam\desktop\repos\haunted-harbour\haunted harbour sg\debug\link.7028.read.1.tlog
c:\users\sam\desktop\repos\haunted-harbour\haunted harbour sg\debug\link.7028.write.1.tlog
c:\users\sam\desktop\repos\haunted-harbour\haunted harbour sg\debug\link.7080-cvtres.read.1.tlog
c:\users\sam\desktop\repos\haunted-harbour\haunted harbour sg\debug\link.7080-cvtres.write.1.tlog
c:\users\sam\desktop\repos\haunted-harbour\haunted harbour sg\debug\link.7080-rc.read.1.tlog
c:\users\sam\desktop\repos\haunted-harbour\haunted harbour sg\debug\link.7080-rc.write.1.tlog
c:\users\sam\desktop\repos\haunted-harbour\haunted harbour sg\debug\link.7080.read.1.tlog
c:\users\sam\desktop\repos\haunted-harbour\haunted harbour sg\debug\link.7080.write.1.tlog
c:\users\sam\desktop\repos\haunted-harbour\haunted harbour sg\debug\link.8528-cvtres.read.1.tlog
c:\users\sam\desktop\repos\haunted-harbour\haunted harbour sg\debug\link.8528-cvtres.write.1.tlog
c:\users\sam\desktop\repos\haunted-harbour\haunted harbour sg\debug\link.8528-rc.read.1.tlog
c:\users\sam\desktop\repos\haunted-harbour\haunted harbour sg\debug\link.8528-rc.write.1.tlog
c:\users\sam\desktop\repos\haunted-harbour\haunted harbour sg\debug\link.8528.read.1.tlog
c:\users\sam\desktop\repos\haunted-harbour\haunted harbour sg\debug\link.8528.write.1.tlog
c:\users\sam\desktop\repos\haunted-harbour\haunted harbour sg\debug\link.command.1.tlog
c:\users\sam\desktop\repos\haunted-harbour\haunted harbour sg\debug\link.read.1.tlog
c:\users\sam\desktop\repos\haunted-harbour\haunted harbour sg\debug\link.write.1.tlog
c:\users\sam\desktop\repos\haunted-harbour\haunted harbour sg\debug\rc.command.1.tlog
c:\users\sam\desktop\repos\haunted-harbour\haunted harbour sg\debug\rc.read.1.tlog
c:\users\sam\desktop\repos\haunted-harbour\haunted harbour sg\debug\rc.write.1.tlog
c:\users\sam\desktop\repos\haunted-harbour\haunted harbour sg\debug\vc110.idb
c:\users\sam\desktop\repos\haunted-harbour\haunted harbour sg\debug\vc110.pdb
c:\users\sam\desktop\repos\haunted-harbour\debug\haunted harbour sg.ilk
c:\users\sam\desktop\repos\haunted-harbour\haunted harbour sg\debug\haunted .c0c206a2.tlog\cl.command.1.tlog
c:\users\sam\desktop\repos\haunted-harbour\haunted harbour sg\debug\haunted .c0c206a2.tlog\cl.read.1.tlog
c:\users\sam\desktop\repos\haunted-harbour\haunted harbour sg\debug\haunted .c0c206a2.tlog\cl.write.1.tlog
c:\users\sam\desktop\repos\haunted-harbour\haunted harbour sg\debug\haunted .c0c206a2.tlog\link.command.1.tlog
c:\users\sam\desktop\repos\haunted-harbour\haunted harbour sg\debug\haunted .c0c206a2.tlog\link.read.1.tlog
c:\users\sam\desktop\repos\haunted-harbour\haunted harbour sg\debug\haunted .c0c206a2.tlog\link.write.1.tlog
c:\users\sam\desktop\repos\haunted-harbour\haunted harbour sg\debug\haunted .c0c206a2.tlog\rc.command.1.tlog
c:\users\sam\desktop\repos\haunted-harbour\haunted harbour sg\debug\haunted .c0c206a2.tlog\rc.read.1.tlog
c:\users\sam\desktop\repos\haunted-harbour\haunted harbour sg\debug\haunted .c0c206a2.tlog\rc.write.1.tlog
